<?xml version="1.0" encoding="UTF-8"?>
<testsuite name="tourGuide.TestTourGuideService" tests="5" skipped="0" failures="0" errors="0" timestamp="2023-08-30T15:19:31" hostname="DESKTOP-0I0M3QB" time="0.362">
  <properties/>
  <testcase name="getUserLocation" classname="tourGuide.TestTourGuideService" time="0.113"/>
  <testcase name="addUser" classname="tourGuide.TestTourGuideService" time="0.006"/>
  <testcase name="getAllUsers" classname="tourGuide.TestTourGuideService" time="0.012"/>
  <testcase name="trackUser" classname="tourGuide.TestTourGuideService" time="0.104"/>
  <testcase name="getNearbyAttractions" classname="tourGuide.TestTourGuideService" time="0.122"/>
  <system-out><![CDATA[17:19:31.139 [Test worker] INFO tourGuide.service.TourGuideService - TestMode enabled
17:19:31.140 [Test worker] DEBUG tourGuide.service.TourGuideService - Initializing users
17:19:31.141 [Test worker] DEBUG tourGuide.service.TourGuideService - Created 0 internal test users.
17:19:31.141 [Test worker] DEBUG tourGuide.service.TourGuideService - Finished initializing users
17:19:31.142 [pool-9-thread-1] DEBUG tourGuide.tracker.Tracker - Begin Tracker. Tracking 0 users.
17:19:31.143 [pool-9-thread-1] DEBUG tourGuide.tracker.Tracker - Tracker Time Elapsed: 0 seconds.
17:19:31.143 [pool-9-thread-1] DEBUG tourGuide.tracker.Tracker - Tracker sleeping
17:19:31.255 [Test worker] INFO tourGuide.service.TourGuideService - TestMode enabled
17:19:31.255 [Test worker] DEBUG tourGuide.service.TourGuideService - Initializing users
17:19:31.256 [Test worker] DEBUG tourGuide.service.TourGuideService - Created 0 internal test users.
17:19:31.258 [Test worker] DEBUG tourGuide.service.TourGuideService - Finished initializing users
17:19:31.265 [Test worker] INFO tourGuide.service.TourGuideService - TestMode enabled
17:19:31.268 [Test worker] DEBUG tourGuide.service.TourGuideService - Initializing users
17:19:31.269 [Test worker] DEBUG tourGuide.service.TourGuideService - Created 0 internal test users.
17:19:31.271 [Test worker] DEBUG tourGuide.service.TourGuideService - Finished initializing users
17:19:31.274 [Test worker] INFO tourGuide.service.TourGuideService - TestMode enabled
17:19:31.274 [Test worker] DEBUG tourGuide.service.TourGuideService - Initializing users
17:19:31.274 [pool-13-thread-1] DEBUG tourGuide.tracker.Tracker - Tracker stopping
17:19:31.274 [pool-11-thread-1] DEBUG tourGuide.tracker.Tracker - Tracker stopping
17:19:31.277 [Test worker] DEBUG tourGuide.service.TourGuideService - Created 0 internal test users.
17:19:31.277 [Test worker] DEBUG tourGuide.service.TourGuideService - Finished initializing users
17:19:31.280 [pool-15-thread-1] DEBUG tourGuide.tracker.Tracker - Begin Tracker. Tracking 0 users.
17:19:31.280 [pool-15-thread-1] DEBUG tourGuide.tracker.Tracker - Tracker Time Elapsed: 0 seconds.
17:19:31.281 [pool-15-thread-1] DEBUG tourGuide.tracker.Tracker - Tracker sleeping
17:19:31.379 [Test worker] INFO tourGuide.service.TourGuideService - TestMode enabled
17:19:31.379 [Test worker] DEBUG tourGuide.service.TourGuideService - Initializing users
17:19:31.379 [Test worker] DEBUG tourGuide.service.TourGuideService - Created 0 internal test users.
17:19:31.379 [Test worker] DEBUG tourGuide.service.TourGuideService - Finished initializing users
17:19:31.381 [pool-17-thread-1] DEBUG tourGuide.tracker.Tracker - Begin Tracker. Tracking 0 users.
17:19:31.381 [pool-17-thread-1] DEBUG tourGuide.tracker.Tracker - Tracker Time Elapsed: 0 seconds.
17:19:31.382 [pool-17-thread-1] DEBUG tourGuide.tracker.Tracker - Tracker sleeping
]]></system-out>
  <system-err><![CDATA[java.lang.instrument.IllegalClassFormatException: Error while instrumenting tourGuide/TestTourGuideService.
	at org.jacoco.agent.rt.internal_035b120.CoverageTransformer.transform(CoverageTransformer.java:93)
	at java.instrument/java.lang.instrument.ClassFileTransformer.transform(ClassFileTransformer.java:244)
	at java.instrument/sun.instrument.TransformerManager.transform(TransformerManager.java:188)
	at java.instrument/sun.instrument.InstrumentationImpl.transform(InstrumentationImpl.java:541)
	at java.base/java.lang.ClassLoader.defineClass1(Native Method)
	at java.base/java.lang.ClassLoader.defineClass(ClassLoader.java:1012)
	at java.base/java.security.SecureClassLoader.defineClass(SecureClassLoader.java:150)
	at java.base/jdk.internal.loader.BuiltinClassLoader.defineClass(BuiltinClassLoader.java:862)
	at java.base/jdk.internal.loader.BuiltinClassLoader.findClassOnClassPathOrNull(BuiltinClassLoader.java:760)
	at java.base/jdk.internal.loader.BuiltinClassLoader.loadClassOrNull(BuiltinClassLoader.java:681)
	at java.base/jdk.internal.loader.BuiltinClassLoader.loadClass(BuiltinClassLoader.java:639)
	at java.base/jdk.internal.loader.ClassLoaders$AppClassLoader.loadClass(ClassLoaders.java:188)
	at java.base/java.lang.ClassLoader.loadClass(ClassLoader.java:520)
	at java.base/java.lang.Class.forName0(Native Method)
	at java.base/java.lang.Class.forName(Class.java:467)
	at org.gradle.api.internal.tasks.testing.junit.JUnitTestClassExecutor.runTestClass(JUnitTestClassExecutor.java:66)
	at org.gradle.api.internal.tasks.testing.junit.JUnitTestClassExecutor.execute(JUnitTestClassExecutor.java:58)
	at org.gradle.api.internal.tasks.testing.junit.JUnitTestClassExecutor.execute(JUnitTestClassExecutor.java:40)
	at org.gradle.api.internal.tasks.testing.junit.AbstractJUnitTestClassProcessor.processTestClass(AbstractJUnitTestClassProcessor.java:60)
	at org.gradle.api.internal.tasks.testing.SuiteTestClassProcessor.processTestClass(SuiteTestClassProcessor.java:52)
	at java.base/jdk.internal.reflect.NativeMethodAccessorImpl.invoke0(Native Method)
	at java.base/jdk.internal.reflect.NativeMethodAccessorImpl.invoke(NativeMethodAccessorImpl.java:77)
	at java.base/jdk.internal.reflect.DelegatingMethodAccessorImpl.invoke(DelegatingMethodAccessorImpl.java:43)
	at java.base/java.lang.reflect.Method.invoke(Method.java:568)
	at org.gradle.internal.dispatch.ReflectionDispatch.dispatch(ReflectionDispatch.java:36)
	at org.gradle.internal.dispatch.ReflectionDispatch.dispatch(ReflectionDispatch.java:24)
	at org.gradle.internal.dispatch.ContextClassLoaderDispatch.dispatch(ContextClassLoaderDispatch.java:33)
	at org.gradle.internal.dispatch.ProxyDispatchAdapter$DispatchingInvocationHandler.invoke(ProxyDispatchAdapter.java:94)
	at jdk.proxy2/jdk.proxy2.$Proxy5.processTestClass(Unknown Source)
	at org.gradle.api.internal.tasks.testing.worker.TestWorker$2.run(TestWorker.java:176)
	at org.gradle.api.internal.tasks.testing.worker.TestWorker.executeAndMaintainThreadName(TestWorker.java:129)
	at org.gradle.api.internal.tasks.testing.worker.TestWorker.execute(TestWorker.java:100)
	at org.gradle.api.internal.tasks.testing.worker.TestWorker.execute(TestWorker.java:60)
	at org.gradle.process.internal.worker.child.ActionExecutionWorker.execute(ActionExecutionWorker.java:56)
	at org.gradle.process.internal.worker.child.SystemApplicationClassLoaderWorker.call(SystemApplicationClassLoaderWorker.java:113)
	at org.gradle.process.internal.worker.child.SystemApplicationClassLoaderWorker.call(SystemApplicationClassLoaderWorker.java:65)
	at worker.org.gradle.process.internal.worker.GradleWorkerMain.run(GradleWorkerMain.java:69)
	at worker.org.gradle.process.internal.worker.GradleWorkerMain.main(GradleWorkerMain.java:74)
Caused by: java.io.IOException: Error while instrumenting tourGuide/TestTourGuideService.
	at org.jacoco.agent.rt.internal_035b120.core.instr.Instrumenter.instrumentError(Instrumenter.java:158)
	at org.jacoco.agent.rt.internal_035b120.core.instr.Instrumenter.instrument(Instrumenter.java:108)
	at org.jacoco.agent.rt.internal_035b120.CoverageTransformer.transform(CoverageTransformer.java:91)
	... 37 more
Caused by: java.lang.IllegalArgumentException: Unsupported class file major version 61
	at org.jacoco.agent.rt.internal_035b120.asm.ClassReader.<init>(ClassReader.java:195)
	at org.jacoco.agent.rt.internal_035b120.asm.ClassReader.<init>(ClassReader.java:176)
	at org.jacoco.agent.rt.internal_035b120.asm.ClassReader.<init>(ClassReader.java:162)
	at org.jacoco.agent.rt.internal_035b120.core.internal.instr.InstrSupport.classReaderFor(InstrSupport.java:279)
	at org.jacoco.agent.rt.internal_035b120.core.instr.Instrumenter.instrument(Instrumenter.java:74)
	at org.jacoco.agent.rt.internal_035b120.core.instr.Instrumenter.instrument(Instrumenter.java:106)
	... 38 more
]]></system-err>
</testsuite>
